Release 14.7 - xst P.20131013 (nt64)
Copyright (c) 1995-2013 Xilinx, Inc.  All rights reserved.
--> Parameter TMPDIR set to xst/projnav.tmp


Total REAL time to Xst completion: 0.00 secs
Total CPU time to Xst completion: 0.09 secs
 
--> Parameter xsthdpdir set to xst


Total REAL time to Xst completion: 0.00 secs
Total CPU time to Xst completion: 0.09 secs
 
--> Reading design: fifo.prj

TABLE OF CONTENTS
  1) Synthesis Options Summary
  2) HDL Compilation
  3) Design Hierarchy Analysis
  4) HDL Analysis
  5) HDL Synthesis
     5.1) HDL Synthesis Report
  6) Advanced HDL Synthesis
     6.1) Advanced HDL Synthesis Report
  7) Low Level Synthesis
  8) Partition Report
  9) Final Report
	9.1) Device utilization summary
	9.2) Partition Resource Summary
	9.3) TIMING REPORT


=========================================================================
*                      Synthesis Options Summary                        *
=========================================================================
---- Source Parameters
Input File Name                    : "fifo.prj"
Input Format                       : mixed
Ignore Synthesis Constraint File   : NO

---- Target Parameters
Output File Name                   : "fifo"
Output Format                      : NGC
Target Device                      : xc3s400-5-pq208

---- Source Options
Top Module Name                    : fifo
Automatic FSM Extraction           : YES
FSM Encoding Algorithm             : Auto
Safe Implementation                : No
FSM Style                          : LUT
RAM Extraction                     : Yes
RAM Style                          : Auto
ROM Extraction                     : Yes
Mux Style                          : Auto
Decoder Extraction                 : YES
Priority Encoder Extraction        : Yes
Shift Register Extraction          : YES
Logical Shifter Extraction         : YES
XOR Collapsing                     : YES
ROM Style                          : Auto
Mux Extraction                     : Yes
Resource Sharing                   : YES
Asynchronous To Synchronous        : NO
Multiplier Style                   : Auto
Automatic Register Balancing       : No

---- Target Options
Add IO Buffers                     : YES
Global Maximum Fanout              : 100000
Add Generic Clock Buffer(BUFG)     : 8
Register Duplication               : YES
Slice Packing                      : YES
Optimize Instantiated Primitives   : NO
Use Clock Enable                   : Yes
Use Synchronous Set                : Yes
Use Synchronous Reset              : Yes
Pack IO Registers into IOBs        : Auto
Equivalent register Removal        : YES

---- General Options
Optimization Goal                  : Speed
Optimization Effort                : 1
Keep Hierarchy                     : No
Netlist Hierarchy                  : As_Optimized
RTL Output                         : Yes
Global Optimization                : AllClockNets
Read Cores                         : YES
Write Timing Constraints           : NO
Cross Clock Analysis               : NO
Hierarchy Separator                : /
Bus Delimiter                      : <>
Case Specifier                     : Maintain
Slice Utilization Ratio            : 100
BRAM Utilization Ratio             : 100
Verilog 2001                       : YES
Auto BRAM Packing                  : NO
Slice Utilization Ratio Delta      : 5

=========================================================================


=========================================================================
*                          HDL Compilation                              *
=========================================================================
Compiling verilog file "FIFO_memory.v" in library work
Module <fifo> compiled
No errors in compilation
Analysis of file <"fifo.prj"> succeeded.
 

=========================================================================
*                     Design Hierarchy Analysis                         *
=========================================================================
Analyzing hierarchy for module <fifo> in library <work>.


=========================================================================
*                            HDL Analysis                               *
=========================================================================
Analyzing top module <fifo>.
Module <fifo> is correct for synthesis.
 

=========================================================================
*                           HDL Synthesis                               *
=========================================================================

Performing bidirectional port resolution...

Synthesizing Unit <fifo>.
    Related source file is "FIFO_memory.v".
    Found 4-bit register for signal <counter>.
    Found 8-bit register for signal <data_output>.
    Found 8-bit 8-to-1 multiplexer for signal <$varindex0000> created at line 31.
    Found 4-bit 4-to-1 multiplexer for signal <counter$mux0000> created at line 57.
    Found 4-bit addsub for signal <counter$share0000> created at line 57.
    Found 64-bit register for signal <ram>.
    Found 3-bit up counter for signal <read_pointer>.
    Found 3-bit up counter for signal <write_pointer>.
    Summary:
	inferred   2 Counter(s).
	inferred  76 D-type flip-flop(s).
	inferred   1 Adder/Subtractor(s).
	inferred  12 Multiplexer(s).
Unit <fifo> synthesized.

INFO:Xst:1767 - HDL ADVISOR - Resource sharing has identified that some arithmetic operations in this design can share the same physical resources for reduced device utilization. For improved clock frequency you may try to disable resource sharing.

=========================================================================
HDL Synthesis Report

Macro Statistics
# Adders/Subtractors                                   : 1
 4-bit addsub                                          : 1
# Counters                                             : 2
 3-bit up counter                                      : 2
# Registers                                            : 10
 4-bit register                                        : 1
 8-bit register                                        : 9
# Multiplexers                                         : 2
 4-bit 4-to-1 multiplexer                              : 1
 8-bit 8-to-1 multiplexer                              : 1

=========================================================================

=========================================================================
*                       Advanced HDL Synthesis                          *
=========================================================================


=========================================================================
Advanced HDL Synthesis Report

Macro Statistics
# Adders/Subtractors                                   : 1
 4-bit addsub                                          : 1
# Counters                                             : 2
 3-bit up counter                                      : 2
# Registers                                            : 76
 Flip-Flops                                            : 76
# Multiplexers                                         : 2
 4-bit 4-to-1 multiplexer                              : 1
 8-bit 8-to-1 multiplexer                              : 1

=========================================================================

=========================================================================
*                         Low Level Synthesis                           *
=========================================================================

Optimizing unit <fifo> ...

Mapping all equations...
Building and optimizing final netlist ...
Found area constraint ratio of 100 (+ 5) on block fifo, actual ratio is 1.

Final Macro Processing ...

=========================================================================
Final Register Report

Macro Statistics
# Registers                                            : 82
 Flip-Flops                                            : 82

=========================================================================

=========================================================================
*                           Partition Report                            *
=========================================================================

Partition Implementation Status
-------------------------------

  No Partitions were found in this design.

-------------------------------

=========================================================================
*                            Final Report                               *
=========================================================================
Final Results
RTL Top Level Output File Name     : fifo.ngr
Top Level Output File Name         : fifo
Output Format                      : NGC
Optimization Goal                  : Speed
Keep Hierarchy                     : No

Design Statistics
# IOs                              : 26

Cell Usage :
# BELS                             : 101
#      INV                         : 2
#      LUT2                        : 4
#      LUT3                        : 39
#      LUT3_D                      : 1
#      LUT4                        : 19
#      LUT4_L                      : 12
#      MUXF5                       : 16
#      MUXF6                       : 8
# FlipFlops/Latches                : 82
#      FDE                         : 72
#      FDR                         : 1
#      FDRE                        : 6
#      FDRS                        : 3
# Clock Buffers                    : 1
#      BUFGP                       : 1
# IO Buffers                       : 25
#      IBUF                        : 11
#      OBUF                        : 14
=========================================================================

Device utilization summary:
---------------------------

Selected Device : 3s400pq208-5 

 Number of Slices:                       70  out of   3584     1%  
 Number of Slice Flip Flops:             82  out of   7168     1%  
 Number of 4 input LUTs:                 77  out of   7168     1%  
 Number of IOs:                          26
 Number of bonded IOBs:                  26  out of    141    18%  
 Number of GCLKs:                         1  out of      8    12%  

---------------------------
Partition Resource Summary:
---------------------------

  No Partitions were found in this design.

---------------------------


=========================================================================
TIMING REPORT

NOTE: THESE TIMING NUMBERS ARE ONLY A SYNTHESIS ESTIMATE.
      FOR ACCURATE TIMING INFORMATION PLEASE REFER TO THE TRACE REPORT
      GENERATED AFTER PLACE-and-ROUTE.

Clock Information:
------------------
-----------------------------------+------------------------+-------+
Clock Signal                       | Clock buffer(FF name)  | Load  |
-----------------------------------+------------------------+-------+
clk                                | BUFGP                  | 82    |
-----------------------------------+------------------------+-------+

Asynchronous Control Signals Information:
----------------------------------------
No asynchronous control signals found in this design

Timing Summary:
---------------
Speed Grade: -5

   Minimum period: 5.261ns (Maximum Frequency: 190.087MHz)
   Minimum input arrival time before clock: 6.257ns
   Maximum output required time after clock: 8.194ns
   Maximum combinational path delay: No path found

Timing Detail:
--------------
All values displayed in nanoseconds (ns)

=========================================================================
Timing constraint: Default period analysis for Clock 'clk'
  Clock period: 5.261ns (frequency: 190.087MHz)
  Total number of paths / destination ports: 665 / 99
-------------------------------------------------------------------------
Delay:               5.261ns (Levels of Logic = 2)
  Source:            counter_0 (FF)
  Destination:       ram_0_0 (FF)
  Source Clock:      clk rising
  Destination Clock: clk rising

  Data Path: counter_0 to ram_0_0
                                Gate     Net
    Cell:in->out      fanout   Delay   Delay  Logical Name (Net Name)
    ----------------------------------------  ------------
     FDRS:C->Q            12   0.626   1.245  counter_0 (counter_0)
     LUT3_D:I0->O         10   0.479   0.987  Mmux_counter_mux00001211 (N3)
     LUT4:I3->O            8   0.479   0.921  ram_7_not00011 (ram_7_not0001)
     FDE:CE                    0.524          ram_7_0
    ----------------------------------------
    Total                      5.261ns (2.108ns logic, 3.153ns route)
                                       (40.1% logic, 59.9% route)

=========================================================================
Timing constraint: Default OFFSET IN BEFORE for Clock 'clk'
  Total number of paths / destination ports: 258 / 159
-------------------------------------------------------------------------
Offset:              6.257ns (Levels of Logic = 5)
  Source:            op_write (PAD)
  Destination:       counter_1 (FF)
  Destination Clock: clk rising

  Data Path: op_write to counter_1
                                Gate     Net
    Cell:in->out      fanout   Delay   Delay  Logical Name (Net Name)
    ----------------------------------------  ------------
     IBUF:I->O            21   0.715   1.583  op_write_IBUF (op_write_IBUF)
     LUT2:I0->O            2   0.479   1.040  Mmux_counter_mux0000311 (N11)
     LUT4:I0->O            1   0.479   0.704  Mmux_counter_mux000098_SW0 (N23)
     LUT4_L:I3->LO         1   0.479   0.123  Mmux_counter_mux000098 (Mmux_counter_mux000098)
     LUT4:I3->O            1   0.479   0.000  Mmux_counter_mux00009341 (Mmux_counter_mux0000934)
     FDRS:D                    0.176          counter_2
    ----------------------------------------
    Total                      6.257ns (2.807ns logic, 3.450ns route)
                                       (44.9% logic, 55.1% route)

=========================================================================
Timing constraint: Default OFFSET OUT AFTER for Clock 'clk'
  Total number of paths / destination ports: 20 / 14
-------------------------------------------------------------------------
Offset:              8.194ns (Levels of Logic = 2)
  Source:            counter_3 (FF)
  Destination:       empty (PAD)
  Source Clock:      clk rising

  Data Path: counter_3 to empty
                                Gate     Net
    Cell:in->out      fanout   Delay   Delay  Logical Name (Net Name)
    ----------------------------------------  ------------
     FDR:C->Q             18   0.626   1.499  counter_3 (counter_3)
     LUT4:I0->O            1   0.479   0.681  empty_cmp_eq00001 (empty_OBUF)
     OBUF:I->O                 4.909          empty_OBUF (empty)
    ----------------------------------------
    Total                      8.194ns (6.014ns logic, 2.180ns route)
                                       (73.4% logic, 26.6% route)

=========================================================================


Total REAL time to Xst completion: 4.00 secs
Total CPU time to Xst completion: 3.82 secs
 
--> 

Total memory usage is 4536884 kilobytes

Number of errors   :    0 (   0 filtered)
Number of warnings :    0 (   0 filtered)
Number of infos    :    1 (   0 filtered)

