Command line:
   fifo_isim_beh.exe
     -simmode  gui
     -simrunnum  0
     -socket  51603

Sat Jul 03 00:00:15 2021


 Elaboration Time: 0.03125 sec

 Current Memory Usage: 5176.05 Meg

 Total Signals          : 20
 Total Nets             : 39
 Total Signal Drivers   : 9
 Total Blocks           : 6
 Total Primitive Blocks : 2
 Total Processes        : 14
 Total Traceable Variables  : 23
 Total Scalar Nets and Variables : 201
Total Line Count : 46

 Total Simulation Time: 6.46875 sec

 Current Memory Usage: 4704.19 Meg

Sat Jul 03 00:02:37 2021

